<?xml version="1.0" encoding="UTF-8"?>
<!-- Generated by org.testng.reporters.JUnitReportReporter -->
<testsuite name="ForGit" tests="1" time="2.666" ignored="0" failures="0" timestamp="14 Dec 2017 01:41:02 GMT" skipped="0" hostname="LAPTOP-MGD3483O" errors="0">
  <testcase name="Test" time="2.666" classname="ForGit"/>
</testsuite> <!-- ForGit -->
