<?xml version="1.0" encoding="UTF-8"?>
<!-- Generated by org.testng.reporters.JUnitReportReporter -->
<testsuite name="BankAcc" tests="1" time="13.017" ignored="0" failures="0" timestamp="08 Dec 2017 02:56:11 GMT" skipped="0" hostname="LAPTOP-MGD3483O" errors="0">
  <testcase name="Test" time="13.017" classname="BankAcc"/>
</testsuite> <!-- BankAcc -->
